load ARM/becmacdo.elf
Using default protocol (TFTP)
Entry point: 0x00218238, address range: 0x00218000-0x0021c934
RedBoot> go
Initialized serial port connection.
Initialized interrupt handler at addr 21838c. 
Player: Edward S. (7): Signing up for a game.
Player: EvilClone8 (8): Signing up for a game.
Player: Edward S. (7): Playing S.
Player: EvilClone8 (8): Playing P.
Player: EvilClone8 (8): Lost to Edward S. (7) :(.
Player: EvilClone8 (8): Playing R.
Player: Edward S. (7): Won against EvilClone8 (8)!
Player: Edward S. (7): Playing S.
Player: Edward S. (7): Lost to EvilClone8 (8) :(.
Player: Edward S. (7): Playing S.
Player: EvilClone8 (8): Won against Edward S. (7)!
Player: EvilClone8 (8): Playing R.
Player: EvilClone8 (8): Won against Edward S. (7)!
Player: EvilClone8 (8): Quitting.
Player: Edward S. (7): Lost to EvilClone8 (8) :(.
Player: Edward S. (7): Quitting.
Player: EvilClone8 (8): Quit.
Player: Edward S. (7): Quit.
Player: Dwayne J. (3): Signing up for a game.
Player: Paper Mario (5): Signing up for a game.
Player: EvilClone4 (4): Signing up for a game.
Player: Dwayne J. (3): Playing R.
Player: Paper Mario (5): Playing P.
Player: EvilClone6 (6): Signing up for a game.
Player: Paper Mario (5): Won against Dwayne J. (3)!
Player: Paper Mario (5): Playing P.
Player: Dwayne J. (3): Lost to Paper Mario (5) :(.
Player: Dwayne J. (3): Playing R.
Player: EvilClone4 (4): Playing P.
Player: EvilClone6 (6): Playing P.
Player: Dwayne J. (3): Lost to Paper Mario (5) :(.
Player: Dwayne J. (3): Playing R.
Player: Paper Mario (5): Won against Dwayne J. (3)!
Player: Paper Mario (5): Playing P.
Player: EvilClone6 (6): Tied with EvilClone4 (4).
Player: EvilClone6 (6): Playing S.
Player: EvilClone4 (4): Tied with EvilClone6 (6).
Player: EvilClone4 (4): Playing S.
Player: Paper Mario (5): Won against Dwayne J. (3)!
Player: Paper Mario (5): Quitting.
Player: Dwayne J. (3): Lost to Paper Mario (5) :(.
Player: Dwayne J. (3): Quitting.
Player: EvilClone4 (4): Tied with EvilClone6 (6).
Player: EvilClone4 (4): Playing R.
Player: EvilClone6 (6): Tied with EvilClone4 (4).
Player: EvilClone6 (6): Playing R.
Player: Paper Mario (5): Quit.
Player: Dwayne J. (3): Quit.
Player: EvilClone6 (6): Tied with EvilClone4 (4).
Player: EvilClone6 (6): Quitting.
Player: EvilClone4 (4): Tied with EvilClone6 (6).
Player: EvilClone4 (4): Quitting.
Player: EvilClone6 (6): Quit.
Player: EvilClone4 (4): Quit.
Player: EvilClone9 (9): Signing up for a game.
Player: EvilClone10 (10): Signing up for a game.
Player: EvilClone9 (9): Playing P.
Player: EvilClone10 (10): Playing P.
Player: EvilClone9 (9): Tied with EvilClone10 (10).
Player: EvilClone9 (9): Playing S.
Player: EvilClone10 (10): Tied with EvilClone9 (9).
Player: EvilClone10 (10): Playing S.
Player: EvilClone9 (9): Tied with EvilClone10 (10).
Player: EvilClone9 (9): Playing R.
Player: EvilClone10 (10): Tied with EvilClone9 (9).
Player: EvilClone10 (10): Playing R.
Player: EvilClone9 (9): Tied with EvilClone10 (10).
Player: EvilClone9 (9): Quitting.
Player: EvilClone9 (9): Quit.
Player: EvilClone10 (10): Tied with EvilClone9 (9).
Player: EvilClone10 (10): Quitting.
Player: EvilClone10 (10): Quit.
Player: RobinHood11 (11): Signing up for a game.
Player: EvilClone12 (12): Signing up for a game.
Player: RobinHood13 (13): Signing up for a game.
Player: EvilClone14 (14): Signing up for a game.
Player: RobinHood15 (15): Signing up for a game.
Player: RobinHood16 (16): Signing up for a game.
Player: EvilClone17 (17): Signing up for a game.
Player: RobinHood18 (18): Signing up for a game.
Player: EvilClone19 (19): Signing up for a game.
Player: RobinHood20 (20): Signing up for a game.
Player: RobinHood21 (21): Signing up for a game.
Player: EvilClone22 (22): Signing up for a game.
Player: RobinHood23 (23): Signing up for a game.
Player: EvilClone24 (24): Signing up for a game.
Player: RobinHood25 (25): Signing up for a game.
Player: RobinHood26 (26): Signing up for a game.
Player: EvilClone27 (27): Signing up for a game.
Player: RobinHood28 (28): Signing up for a game.
Player: EvilClone29 (29): Signing up for a game.
Player: RobinHood30 (30): Signing up for a game.
Player: RobinHood31 (31): Signing up for a game.
Player: EvilClone32 (32): Signing up for a game.
Player: RobinHood33 (33): Signing up for a game.
Player: EvilClone34 (34): Signing up for a game.
Player: RobinHood35 (35): Signing up for a game.
Player: RobinHood36 (36): Signing up for a game.
Player: EvilClone37 (37): Signing up for a game.
Player: RobinHood38 (38): Signing up for a game.
Player: EvilClone39 (39): Signing up for a game.
Player: RobinHood40 (40): Signing up for a game.
Player: RobinHood41 (41): Signing up for a game.
Player: EvilClone42 (42): Signing up for a game.
Player: RobinHood43 (43): Signing up for a game.
Player: EvilClone44 (44): Signing up for a game.
Player: RobinHood45 (45): Signing up for a game.
Player: RobinHood46 (46): Signing up for a game.
Player: EvilClone47 (47): Signing up for a game.
Player: RobinHood48 (48): Signing up for a game.
Player: EvilClone49 (49): Signing up for a game.
Player: RobinHood50 (50): Signing up for a game.
Player: RobinHood51 (51): Signing up for a game.
Player: EvilClone52 (52): Signing up for a game.
Player: RobinHood53 (53): Signing up for a game.
Player: EvilClone54 (54): Signing up for a game.
Player: RobinHood55 (55): Signing up for a game.
Player: RobinHood56 (56): Signing up for a game.
Player: EvilClone57 (57): Signing up for a game.
Player: RobinHood58 (58): Signing up for a game.
Player: EvilClone59 (59): Signing up for a game.
Player: RobinHood60 (60): Signing up for a game.
Player: RobinHood11 (11): Playing S.
Player: EvilClone12 (12): Playing P.
Player: RobinHood13 (13): Playing S.
Player: EvilClone14 (14): Playing P.
Player: RobinHood15 (15): Playing S.
Player: RobinHood16 (16): Playing S.
Player: EvilClone17 (17): Playing P.
Player: RobinHood18 (18): Playing S.
Player: EvilClone19 (19): Playing P.
Player: RobinHood20 (20): Playing S.
Player: RobinHood21 (21): Playing S.
Player: EvilClone22 (22): Playing P.
Player: RobinHood23 (23): Playing S.
Player: EvilClone24 (24): Playing P.
Player: RobinHood25 (25): Playing S.
Player: RobinHood26 (26): Playing S.
Player: EvilClone27 (27): Playing P.
Player: RobinHood28 (28): Playing S.
Player: EvilClone29 (29): Playing P.
Player: RobinHood30 (30): Playing S.
Player: RobinHood31 (31): Playing S.
Player: EvilClone32 (32): Playing P.
Player: RobinHood33 (33): Playing S.
Player: EvilClone34 (34): Playing P.
Player: RobinHood35 (35): Playing S.
Player: RobinHood36 (36): Playing S.
Player: EvilClone37 (37): Playing P.
Player: RobinHood38 (38): Playing S.
Player: EvilClone39 (39): Playing P.
Player: RobinHood40 (40): Playing S.
Player: RobinHood41 (41): Playing S.
Player: EvilClone42 (42): Playing P.
Player: RobinHood43 (43): Playing S.
Player: EvilClone44 (44): Playing P.
Player: RobinHood45 (45): Playing S.
Player: RobinHood46 (46): Playing S.
Player: EvilClone47 (47): Playing P.
Player: RobinHood48 (48): Playing S.
Player: EvilClone49 (49): Playing P.
Player: RobinHood50 (50): Playing S.
Player: RobinHood51 (51): Playing S.
Player: EvilClone52 (52): Playing P.
Player: RobinHood53 (53): Playing S.
Player: EvilClone54 (54): Playing P.
Player: RobinHood55 (55): Playing S.
Player: RobinHood56 (56): Playing S.
Player: EvilClone57 (57): Playing P.
Player: RobinHood58 (58): Playing S.
Player: EvilClone59 (59): Playing P.
Player: RobinHood60 (60): Playing S.
Player: EvilClone12 (12): Lost to RobinHood11 (11) :(.
Player: EvilClone12 (12): Playing R.
Player: RobinHood11 (11): Won against EvilClone12 (12)!
Player: RobinHood11 (11): Playing R.
Player: EvilClone14 (14): Lost to RobinHood13 (13) :(.
Player: EvilClone14 (14): Playing R.
Player: RobinHood13 (13): Won against EvilClone14 (14)!
Player: RobinHood13 (13): Playing R.
Player: RobinHood16 (16): Tied with RobinHood15 (15).
Player: RobinHood16 (16): Playing R.
Player: RobinHood15 (15): Tied with RobinHood16 (16).
Player: RobinHood15 (15): Playing R.
Player: RobinHood18 (18): Won against EvilClone17 (17)!
Player: RobinHood18 (18): Playing R.
Player: EvilClone17 (17): Lost to RobinHood18 (18) :(.
Player: EvilClone17 (17): Playing R.
Player: RobinHood20 (20): Won against EvilClone19 (19)!
Player: RobinHood20 (20): Playing R.
Player: EvilClone19 (19): Lost to RobinHood20 (20) :(.
Player: EvilClone19 (19): Playing R.
Player: EvilClone22 (22): Lost to RobinHood21 (21) :(.
Player: EvilClone22 (22): Playing R.
Player: RobinHood21 (21): Won against EvilClone22 (22)!
Player: RobinHood21 (21): Playing R.
Player: EvilClone24 (24): Lost to RobinHood23 (23) :(.
Player: EvilClone24 (24): Playing R.
Player: RobinHood23 (23): Won against EvilClone24 (24)!
Player: RobinHood23 (23): Playing R.
Player: RobinHood26 (26): Tied with RobinHood25 (25).
Player: RobinHood26 (26): Playing R.
Player: RobinHood25 (25): Tied with RobinHood26 (26).
Player: RobinHood25 (25): Playing R.
Player: RobinHood28 (28): Won against EvilClone27 (27)!
Player: RobinHood28 (28): Playing R.
Player: EvilClone27 (27): Lost to RobinHood28 (28) :(.
Player: EvilClone27 (27): Playing R.
Player: RobinHood30 (30): Won against EvilClone29 (29)!
Player: RobinHood30 (30): Playing R.
Player: EvilClone29 (29): Lost to RobinHood30 (30) :(.
Player: EvilClone29 (29): Playing R.
Player: EvilClone32 (32): Lost to RobinHood31 (31) :(.
Player: EvilClone32 (32): Playing R.
Player: RobinHood31 (31): Won against EvilClone32 (32)!
Player: RobinHood31 (31): Playing R.
Player: EvilClone34 (34): Lost to RobinHood33 (33) :(.
Player: EvilClone34 (34): Playing R.
Player: RobinHood33 (33): Won against EvilClone34 (34)!
Player: RobinHood33 (33): Playing R.
Player: RobinHood36 (36): Tied with RobinHood35 (35).
Player: RobinHood36 (36): Playing R.
Player: RobinHood35 (35): Tied with RobinHood36 (36).
Player: RobinHood35 (35): Playing R.
Player: RobinHood38 (38): Won against EvilClone37 (37)!
Player: RobinHood38 (38): Playing R.
Player: EvilClone37 (37): Lost to RobinHood38 (38) :(.
Player: EvilClone37 (37): Playing R.
Player: RobinHood40 (40): Won against EvilClone39 (39)!
Player: RobinHood40 (40): Playing R.
Player: EvilClone39 (39): Lost to RobinHood40 (40) :(.
Player: EvilClone39 (39): Playing R.
Player: EvilClone42 (42): Lost to RobinHood41 (41) :(.
Player: EvilClone42 (42): Playing R.
Player: RobinHood41 (41): Won against EvilClone42 (42)!
Player: RobinHood41 (41): Playing R.
Player: EvilClone44 (44): Lost to RobinHood43 (43) :(.
Player: EvilClone44 (44): Playing R.
Player: RobinHood43 (43): Won against EvilClone44 (44)!
Player: RobinHood43 (43): Playing R.
Player: RobinHood46 (46): Tied with RobinHood45 (45).
Player: RobinHood46 (46): Playing R.
Player: RobinHood45 (45): Tied with RobinHood46 (46).
Player: RobinHood45 (45): Playing R.
Player: RobinHood48 (48): Won against EvilClone47 (47)!
Player: RobinHood48 (48): Playing R.
Player: EvilClone47 (47): Lost to RobinHood48 (48) :(.
Player: EvilClone47 (47): Playing R.
Player: RobinHood50 (50): Won against EvilClone49 (49)!
Player: RobinHood50 (50): Playing R.
Player: EvilClone49 (49): Lost to RobinHood50 (50) :(.
Player: EvilClone49 (49): Playing R.
Player: EvilClone52 (52): Lost to RobinHood51 (51) :(.
Player: EvilClone52 (52): Playing R.
Player: RobinHood51 (51): Won against EvilClone52 (52)!
Player: RobinHood51 (51): Playing R.
Player: EvilClone54 (54): Lost to RobinHood53 (53) :(.
Player: EvilClone54 (54): Playing R.
Player: RobinHood53 (53): Won against EvilClone54 (54)!
Player: RobinHood53 (53): Playing R.
Player: RobinHood56 (56): Tied with RobinHood55 (55).
Player: RobinHood56 (56): Playing R.
Player: RobinHood55 (55): Tied with RobinHood56 (56).
Player: RobinHood55 (55): Playing R.
Player: RobinHood58 (58): Won against EvilClone57 (57)!
Player: RobinHood58 (58): Playing R.
Player: EvilClone57 (57): Lost to RobinHood58 (58) :(.
Player: EvilClone57 (57): Playing R.
Player: RobinHood60 (60): Won against EvilClone59 (59)!
Player: RobinHood60 (60): Playing R.
Player: EvilClone59 (59): Lost to RobinHood60 (60) :(.
Player: EvilClone59 (59): Playing R.
Player: RobinHood11 (11): Tied with EvilClone12 (12).
Player: RobinHood11 (11): Playing P.
Player: EvilClone12 (12): Tied with RobinHood11 (11).
Player: EvilClone12 (12): Playing P.
Player: RobinHood13 (13): Tied with EvilClone14 (14).
Player: RobinHood13 (13): Playing P.
Player: EvilClone14 (14): Tied with RobinHood13 (13).
Player: EvilClone14 (14): Playing P.
Player: RobinHood15 (15): Tied with RobinHood16 (16).
Player: RobinHood15 (15): Playing P.
Player: RobinHood16 (16): Tied with RobinHood15 (15).
Player: RobinHood16 (16): Playing P.
Player: EvilClone17 (17): Tied with RobinHood18 (18).
Player: EvilClone17 (17): Playing P.
Player: RobinHood18 (18): Tied with EvilClone17 (17).
Player: RobinHood18 (18): Playing P.
Player: EvilClone19 (19): Tied with RobinHood20 (20).
Player: EvilClone19 (19): Playing P.
Player: RobinHood20 (20): Tied with EvilClone19 (19).
Player: RobinHood20 (20): Playing P.
Player: RobinHood21 (21): Tied with EvilClone22 (22).
Player: RobinHood21 (21): Playing P.
Player: EvilClone22 (22): Tied with RobinHood21 (21).
Player: EvilClone22 (22): Playing P.
Player: RobinHood23 (23): Tied with EvilClone24 (24).
Player: RobinHood23 (23): Playing P.
Player: EvilClone24 (24): Tied with RobinHood23 (23).
Player: EvilClone24 (24): Playing P.
Player: RobinHood25 (25): Tied with RobinHood26 (26).
Player: RobinHood25 (25): Playing P.
Player: RobinHood26 (26): Tied with RobinHood25 (25).
Player: RobinHood26 (26): Playing P.
Player: EvilClone27 (27): Tied with RobinHood28 (28).
Player: EvilClone27 (27): Playing P.
Player: RobinHood28 (28): Tied with EvilClone27 (27).
Player: RobinHood28 (28): Playing P.
Player: EvilClone29 (29): Tied with RobinHood30 (30).
Player: EvilClone29 (29): Playing P.
Player: RobinHood30 (30): Tied with EvilClone29 (29).
Player: RobinHood30 (30): Playing P.
Player: RobinHood31 (31): Tied with EvilClone32 (32).
Player: RobinHood31 (31): Playing P.
Player: EvilClone32 (32): Tied with RobinHood31 (31).
Player: EvilClone32 (32): Playing P.
Player: RobinHood33 (33): Tied with EvilClone34 (34).
Player: RobinHood33 (33): Playing P.
Player: EvilClone34 (34): Tied with RobinHood33 (33).
Player: EvilClone34 (34): Playing P.
Player: RobinHood35 (35): Tied with RobinHood36 (36).
Player: RobinHood35 (35): Playing P.
Player: RobinHood36 (36): Tied with RobinHood35 (35).
Player: RobinHood36 (36): Playing P.
Player: EvilClone37 (37): Tied with RobinHood38 (38).
Player: EvilClone37 (37): Playing P.
Player: RobinHood38 (38): Tied with EvilClone37 (37).
Player: RobinHood38 (38): Playing P.
Player: EvilClone39 (39): Tied with RobinHood40 (40).
Player: EvilClone39 (39): Playing P.
Player: RobinHood40 (40): Tied with EvilClone39 (39).
Player: RobinHood40 (40): Playing P.
Player: RobinHood41 (41): Tied with EvilClone42 (42).
Player: RobinHood41 (41): Playing P.
Player: EvilClone42 (42): Tied with RobinHood41 (41).
Player: EvilClone42 (42): Playing P.
Player: RobinHood43 (43): Tied with EvilClone44 (44).
Player: RobinHood43 (43): Playing P.
Player: EvilClone44 (44): Tied with RobinHood43 (43).
Player: EvilClone44 (44): Playing P.
Player: RobinHood45 (45): Tied with RobinHood46 (46).
Player: RobinHood45 (45): Playing P.
Player: RobinHood46 (46): Tied with RobinHood45 (45).
Player: RobinHood46 (46): Playing P.
Player: EvilClone47 (47): Tied with RobinHood48 (48).
Player: EvilClone47 (47): Playing P.
Player: RobinHood48 (48): Tied with EvilClone47 (47).
Player: RobinHood48 (48): Playing P.
Player: EvilClone49 (49): Tied with RobinHood50 (50).
Player: EvilClone49 (49): Playing P.
Player: RobinHood50 (50): Tied with EvilClone49 (49).
Player: RobinHood50 (50): Playing P.
Player: RobinHood51 (51): Tied with EvilClone52 (52).
Player: RobinHood51 (51): Playing P.
Player: EvilClone52 (52): Tied with RobinHood51 (51).
Player: EvilClone52 (52): Playing P.
Player: RobinHood53 (53): Tied with EvilClone54 (54).
Player: RobinHood53 (53): Playing P.
Player: EvilClone54 (54): Tied with RobinHood53 (53).
Player: EvilClone54 (54): Playing P.
Player: RobinHood55 (55): Tied with RobinHood56 (56).
Player: RobinHood55 (55): Playing P.
Player: RobinHood56 (56): Tied with RobinHood55 (55).
Player: RobinHood56 (56): Playing P.
Player: EvilClone57 (57): Tied with RobinHood58 (58).
Player: EvilClone57 (57): Playing P.
Player: RobinHood58 (58): Tied with EvilClone57 (57).
Player: RobinHood58 (58): Playing P.
Player: EvilClone59 (59): Tied with RobinHood60 (60).
Player: EvilClone59 (59): Playing P.
Player: RobinHood60 (60): Tied with EvilClone59 (59).
Player: RobinHood60 (60): Playing P.
Player: EvilClone12 (12): Tied with RobinHood11 (11).
Player: EvilClone12 (12): Quitting.
Player: RobinHood11 (11): Tied with EvilClone12 (12).
Player: RobinHood11 (11): Quitting.
Player: EvilClone14 (14): Tied with RobinHood13 (13).
Player: EvilClone14 (14): Quitting.
Player: RobinHood13 (13): Tied with EvilClone14 (14).
Player: RobinHood13 (13): Quitting.
Player: RobinHood16 (16): Tied with RobinHood15 (15).
Player: RobinHood16 (16): Quitting.
Player: RobinHood15 (15): Tied with RobinHood16 (16).
Player: RobinHood15 (15): Quitting.
Player: RobinHood18 (18): Tied with EvilClone17 (17).
Player: RobinHood18 (18): Quitting.
Player: EvilClone17 (17): Tied with RobinHood18 (18).
Player: EvilClone17 (17): Quitting.
Player: RobinHood20 (20): Tied with EvilClone19 (19).
Player: RobinHood20 (20): Quitting.
Player: EvilClone19 (19): Tied with RobinHood20 (20).
Player: EvilClone19 (19): Quitting.
Player: EvilClone22 (22): Tied with RobinHood21 (21).
Player: EvilClone22 (22): Quitting.
Player: RobinHood21 (21): Tied with EvilClone22 (22).
Player: RobinHood21 (21): Quitting.
Player: EvilClone24 (24): Tied with RobinHood23 (23).
Player: EvilClone24 (24): Quitting.
Player: RobinHood23 (23): Tied with EvilClone24 (24).
Player: RobinHood23 (23): Quitting.
Player: RobinHood26 (26): Tied with RobinHood25 (25).
Player: RobinHood26 (26): Quitting.
Player: RobinHood25 (25): Tied with RobinHood26 (26).
Player: RobinHood25 (25): Quitting.
Player: RobinHood28 (28): Tied with EvilClone27 (27).
Player: RobinHood28 (28): Quitting.
Player: EvilClone27 (27): Tied with RobinHood28 (28).
Player: EvilClone27 (27): Quitting.
Player: RobinHood30 (30): Tied with EvilClone29 (29).
Player: RobinHood30 (30): Quitting.
Player: EvilClone29 (29): Tied with RobinHood30 (30).
Player: EvilClone29 (29): Quitting.
Player: EvilClone32 (32): Tied with RobinHood31 (31).
Player: EvilClone32 (32): Quitting.
Player: RobinHood31 (31): Tied with EvilClone32 (32).
Player: RobinHood31 (31): Quitting.
Player: EvilClone34 (34): Tied with RobinHood33 (33).
Player: EvilClone34 (34): Quitting.
Player: RobinHood33 (33): Tied with EvilClone34 (34).
Player: RobinHood33 (33): Quitting.
Player: RobinHood36 (36): Tied with RobinHood35 (35).
Player: RobinHood36 (36): Quitting.
Player: RobinHood35 (35): Tied with RobinHood36 (36).
Player: RobinHood35 (35): Quitting.
Player: RobinHood38 (38): Tied with EvilClone37 (37).
Player: RobinHood38 (38): Quitting.
Player: EvilClone37 (37): Tied with RobinHood38 (38).
Player: EvilClone37 (37): Quitting.
Player: RobinHood40 (40): Tied with EvilClone39 (39).
Player: RobinHood40 (40): Quitting.
Player: EvilClone39 (39): Tied with RobinHood40 (40).
Player: EvilClone39 (39): Quitting.
Player: EvilClone42 (42): Tied with RobinHood41 (41).
Player: EvilClone42 (42): Quitting.
Player: RobinHood41 (41): Tied with EvilClone42 (42).
Player: RobinHood41 (41): Quitting.
Player: EvilClone44 (44): Tied with RobinHood43 (43).
Player: EvilClone44 (44): Quitting.
Player: RobinHood43 (43): Tied with EvilClone44 (44).
Player: RobinHood43 (43): Quitting.
Player: RobinHood46 (46): Tied with RobinHood45 (45).
Player: RobinHood46 (46): Quitting.
Player: RobinHood45 (45): Tied with RobinHood46 (46).
Player: RobinHood45 (45): Quitting.
Player: RobinHood48 (48): Tied with EvilClone47 (47).
Player: RobinHood48 (48): Quitting.
Player: EvilClone47 (47): Tied with RobinHood48 (48).
Player: EvilClone47 (47): Quitting.
Player: RobinHood50 (50): Tied with EvilClone49 (49).
Player: RobinHood50 (50): Quitting.
Player: EvilClone49 (49): Tied with RobinHood50 (50).
Player: EvilClone49 (49): Quitting.
Player: EvilClone52 (52): Tied with RobinHood51 (51).
Player: EvilClone52 (52): Quitting.
Player: RobinHood51 (51): Tied with EvilClone52 (52).
Player: RobinHood51 (51): Quitting.
Player: EvilClone54 (54): Tied with RobinHood53 (53).
Player: EvilClone54 (54): Quitting.
Player: RobinHood53 (53): Tied with EvilClone54 (54).
Player: RobinHood53 (53): Quitting.
Player: RobinHood56 (56): Tied with RobinHood55 (55).
Player: RobinHood56 (56): Quitting.
Player: RobinHood55 (55): Tied with RobinHood56 (56).
Player: RobinHood55 (55): Quitting.
Player: RobinHood58 (58): Tied with EvilClone57 (57).
Player: RobinHood58 (58): Quitting.
Player: EvilClone57 (57): Tied with RobinHood58 (58).
Player: EvilClone57 (57): Quitting.
Player: RobinHood60 (60): Tied with EvilClone59 (59).
Player: RobinHood60 (60): Quitting.
Player: EvilClone59 (59): Tied with RobinHood60 (60).
Player: EvilClone59 (59): Quitting.
Player: EvilClone12 (12): Quit.
Player: RobinHood11 (11): Quit.
Player: EvilClone14 (14): Quit.
Player: RobinHood13 (13): Quit.
Player: RobinHood16 (16): Quit.
Player: RobinHood15 (15): Quit.
Player: RobinHood18 (18): Quit.
Player: EvilClone17 (17): Quit.
Player: RobinHood20 (20): Quit.
Player: EvilClone19 (19): Quit.
Player: EvilClone22 (22): Quit.
Player: RobinHood21 (21): Quit.
Player: EvilClone24 (24): Quit.
Player: RobinHood23 (23): Quit.
Player: RobinHood26 (26): Quit.
Player: RobinHood25 (25): Quit.
Player: RobinHood28 (28): Quit.
Player: EvilClone27 (27): Quit.
Player: RobinHood30 (30): Quit.
Player: EvilClone29 (29): Quit.
Player: EvilClone32 (32): Quit.
Player: RobinHood31 (31): Quit.
Player: EvilClone34 (34): Quit.
Player: RobinHood33 (33): Quit.
Player: RobinHood36 (36): Quit.
Player: RobinHood35 (35): Quit.
Player: RobinHood38 (38): Quit.
Player: EvilClone37 (37): Quit.
Player: RobinHood40 (40): Quit.
Player: EvilClone39 (39): Quit.
Player: EvilClone42 (42): Quit.
Player: RobinHood41 (41): Quit.
Player: EvilClone44 (44): Quit.
Player: RobinHood43 (43): Quit.
Player: RobinHood46 (46): Quit.
Player: RobinHood45 (45): Quit.
Player: RobinHood48 (48): Quit.
Player: EvilClone47 (47): Quit.
Player: RobinHood50 (50): Quit.
Player: EvilClone49 (49): Quit.
Player: EvilClone52 (52): Quit.
Player: RobinHood51 (51): Quit.
Player: EvilClone54 (54): Quit.
Player: RobinHood53 (53): Quit.
Player: RobinHood56 (56): Quit.
Player: RobinHood55 (55): Quit.
Player: RobinHood58 (58): Quit.
Player: EvilClone57 (57): Quit.
Player: RobinHood60 (60): Quit.
Player: EvilClone59 (59): Quit.
Exiting normally.

Program completed with status 0
RedBoot> 
